d:\shagufta\opengl_workspace\meshmanupulation\meshmanupulation\debug\vc141.pdb
d:\shagufta\opengl_workspace\meshmanupulation\meshmanupulation\debug\vc141.idb
d:\shagufta\opengl_workspace\meshmanupulation\meshmanupulation\debug\camera.obj
d:\shagufta\opengl_workspace\meshmanupulation\meshmanupulation\debug\node.obj
d:\shagufta\opengl_workspace\meshmanupulation\meshmanupulation\debug\object.obj
d:\shagufta\opengl_workspace\meshmanupulation\meshmanupulation\debug\matrix4.obj
d:\shagufta\opengl_workspace\meshmanupulation\meshmanupulation\debug\transform.obj
d:\shagufta\opengl_workspace\meshmanupulation\meshmanupulation\debug\vector3.obj
d:\shagufta\opengl_workspace\meshmanupulation\meshmanupulation\debug\vector4.obj
d:\shagufta\opengl_workspace\meshmanupulation\meshmanupulation\debug\aabb.obj
d:\shagufta\opengl_workspace\meshmanupulation\meshmanupulation\debug\boundingsphere.obj
d:\shagufta\opengl_workspace\meshmanupulation\meshmanupulation\debug\intersectdata.obj
d:\shagufta\opengl_workspace\meshmanupulation\meshmanupulation\debug\planecollider.obj
d:\shagufta\opengl_workspace\meshmanupulation\meshmanupulation\debug\physicsobject.obj
d:\shagufta\opengl_workspace\meshmanupulation\meshmanupulation\debug\shader.obj
d:\shagufta\opengl_workspace\meshmanupulation\meshmanupulation\debug\circle.obj
d:\shagufta\opengl_workspace\meshmanupulation\meshmanupulation\debug\cube.obj
d:\shagufta\opengl_workspace\meshmanupulation\meshmanupulation\debug\grid.obj
d:\shagufta\opengl_workspace\meshmanupulation\meshmanupulation\debug\sphere.obj
d:\shagufta\opengl_workspace\meshmanupulation\meshmanupulation\debug\torus.obj
d:\shagufta\opengl_workspace\meshmanupulation\meshmanupulation\debug\source.obj
d:\shagufta\opengl_workspace\meshmanupulation\meshmanupulation\debug\window.obj
d:\shagufta\opengl_workspace\meshmanupulation\meshmanupulation\debug\test.obj
d:\shagufta\opengl_workspace\meshmanupulation\debug\meshmanupulation.exe
d:\shagufta\opengl_workspace\meshmanupulation\debug\meshmanupulation.ilk
d:\shagufta\opengl_workspace\meshmanupulation\debug\meshmanupulation.pdb
d:\shagufta\opengl_workspace\meshmanupulation\meshmanupulation\debug\window.obj.enc
d:\shagufta\opengl_workspace\meshmanupulation\meshmanupulation\debug\meshmanupulation.tlog\cl.command.1.tlog
d:\shagufta\opengl_workspace\meshmanupulation\meshmanupulation\debug\meshmanupulation.tlog\cl.read.1.tlog
d:\shagufta\opengl_workspace\meshmanupulation\meshmanupulation\debug\meshmanupulation.tlog\cl.write.1.tlog
d:\shagufta\opengl_workspace\meshmanupulation\meshmanupulation\debug\meshmanupulation.tlog\link.command.1.tlog
d:\shagufta\opengl_workspace\meshmanupulation\meshmanupulation\debug\meshmanupulation.tlog\link.read.1.tlog
d:\shagufta\opengl_workspace\meshmanupulation\meshmanupulation\debug\meshmanupulation.tlog\link.write.1.tlog
